<?xml version="1.0" encoding="UTF-8"?>
<coverage generated="1668893332720" clover="3.2.0">
  <project timestamp="1668893332720" name="All files">
    <metrics statements="4" coveredstatements="4" conditionals="0" coveredconditionals="0" methods="2" coveredmethods="2" elements="6" coveredelements="6" complexity="0" loc="4" ncloc="4" packages="1" files="1" classes="1"/>
    <file name="string_utils.ts" path="/home/mdccg/Workspace/muzy-app/src/utils/string_utils.ts">
      <metrics statements="4" coveredstatements="4" conditionals="0" coveredconditionals="0" methods="2" coveredmethods="2"/>
      <line num="1" count="1" type="stmt"/>
      <line num="2" count="3" type="stmt"/>
      <line num="5" count="1" type="stmt"/>
      <line num="6" count="3" type="stmt"/>
    </file>
  </project>
</coverage>
