{"/home/mdccg/Workspace/muzy-app/src/utils/string_utils.ts": {"path":"/home/mdccg/Workspace/muzy-app/src/utils/string_utils.ts","statementMap":{"0":{"start":{"line":1,"column":41},"end":{"line":3,"column":1}},"1":{"start":{"line":2,"column":2},"end":{"line":2,"column":69}},"2":{"start":{"line":1,"column":13},"end":{"line":1,"column":41}},"3":{"start":{"line":5,"column":37},"end":{"line":7,"column":1}},"4":{"start":{"line":6,"column":2},"end":{"line":6,"column":45}},"5":{"start":{"line":5,"column":13},"end":{"line":5,"column":37}}},"fnMap":{"0":{"name":"(anonymous_0)","decl":{"start":{"line":1,"column":41},"end":{"line":1,"column":42}},"loc":{"start":{"line":1,"column":71},"end":{"line":3,"column":1}}},"1":{"name":"(anonymous_1)","decl":{"start":{"line":5,"column":37},"end":{"line":5,"column":38}},"loc":{"start":{"line":5,"column":65},"end":{"line":7,"column":1}}}},"branchMap":{},"s":{"0":1,"1":3,"2":1,"3":1,"4":3,"5":1},"f":{"0":3,"1":3},"b":{}}
}
